{
  "stats": {
    "suites": 1,
    "tests": 1,
    "passes": 0,
    "pending": 0,
    "failures": 1,
    "start": "2019-10-19T17:55:42.368Z",
    "end": "2019-10-19T17:55:49.222Z",
    "duration": 6854,
    "testsRegistered": 1,
    "passPercent": 0,
    "pendingPercent": 0,
    "other": 0,
    "hasOther": false,
    "skipped": 0,
    "hasSkipped": false
  },
  "results": [
    {
      "uuid": "b19f4e73-1214-4bdf-8083-604814cc10e7",
      "title": "",
      "fullFile": "",
      "file": "",
      "beforeHooks": [],
      "afterHooks": [],
      "tests": [],
      "suites": [
        {
          "uuid": "858eb8c3-aee7-41b8-b903-8dfee61d56cf",
          "title": "My Second Test Suite",
          "fullFile": "",
          "file": "",
          "beforeHooks": [],
          "afterHooks": [],
          "tests": [
            {
              "title": "My FirstTest case",
              "fullTitle": "My Second Test Suite My FirstTest case",
              "timedOut": null,
              "duration": 5113,
              "state": "failed",
              "speed": null,
              "pass": false,
              "fail": true,
              "pending": false,
              "context": null,
              "code": "cy.visit(\"https://rahulshettyacademy.com/seleniumPractise/#/\");\ncy.get('.search-keyword').type('ca');\ncy.wait(2000); //selenium get hit url in browser, cypress get acts like findElement of selenium\n//Parent child chaining\ncy.get('.products').as('productLocator');\ncy.get('@productLocator').find('.product').each(function ($el, index, $list) {\n  var textVeg = $el.find('h4.product-name').text();\n  if (textVeg.includes('Cashews')) {\n    $el.find('button').click();\n  }\n});\ncy.get('.cart-icon > img').click();\ncy.contains('PROCEED TO CHECKOUT').click();\ncy.contains('Place Order').click(); //fixture",
              "err": {
                "message": "CypressError: Cypress detected a cross origin error happened on page load:\n\n  > Blocked a frame with origin \"https://rahulshettyacademy.com\" from accessing a cross-origin frame.\n\nBefore the page load, you were bound to the origin policy:\n  > https://rahulshettyacademy.com\n\nA cross origin error happens when your application navigates to a new superdomain which does not match the origin policy above.\n\nThis typically happens in one of three ways:\n\n1. You clicked an <a> that routed you outside of your application\n2. You submitted a form and your server redirected you outside of your application\n3. You used a javascript redirect to a page outside of your application\n\nCypress does not allow you to change superdomains within a single test.\n\nYou may need to restructure some of your test code to avoid this problem.\n\nAlternatively you can also disable Chrome Web Security which will turn off this restriction by setting { chromeWebSecurity: false } in your 'cypress.json' file.\n\nhttps://on.cypress.io/cross-origin-violation\n",
                "estack": "CypressError: Cypress detected a cross origin error happened on page load:\n\n  > Blocked a frame with origin \"https://rahulshettyacademy.com\" from accessing a cross-origin frame.\n\nBefore the page load, you were bound to the origin policy:\n  > https://rahulshettyacademy.com\n\nA cross origin error happens when your application navigates to a new superdomain which does not match the origin policy above.\n\nThis typically happens in one of three ways:\n\n1. You clicked an <a> that routed you outside of your application\n2. You submitted a form and your server redirected you outside of your application\n3. You used a javascript redirect to a page outside of your application\n\nCypress does not allow you to change superdomains within a single test.\n\nYou may need to restructure some of your test code to avoid this problem.\n\nAlternatively you can also disable Chrome Web Security which will turn off this restriction by setting { chromeWebSecurity: false } in your 'cypress.json' file.\n\nhttps://on.cypress.io/cross-origin-violation\n\n    at Object.cypressErr (https://rahulshettyacademy.com/__cypress/runner/cypress_runner.js:85348:11)\n    at Object.throwErr (https://rahulshettyacademy.com/__cypress/runner/cypress_runner.js:85303:18)\n    at Object.throwErrByPath (https://rahulshettyacademy.com/__cypress/runner/cypress_runner.js:85335:17)\n    at onPageLoadErr (https://rahulshettyacademy.com/__cypress/runner/cypress_runner.js:73427:21)\n    at HTMLIFrameElement.<anonymous> (https://rahulshettyacademy.com/__cypress/runner/cypress_runner.js:80193:19)\n    at HTMLIFrameElement.dispatch (https://rahulshettyacademy.com/__cypress/runner/cypress_runner.js:16545:27)\n    at HTMLIFrameElement.elemData.handle (https://rahulshettyacademy.com/__cypress/runner/cypress_runner.js:16357:28)",
                "diff": null
              },
              "uuid": "58d868b8-5d19-467f-9dae-b03e44075889",
              "parentUUID": "858eb8c3-aee7-41b8-b903-8dfee61d56cf",
              "isHook": false,
              "skipped": false
            }
          ],
          "suites": [],
          "passes": [],
          "failures": [
            "58d868b8-5d19-467f-9dae-b03e44075889"
          ],
          "pending": [],
          "skipped": [],
          "duration": 5113,
          "root": false,
          "rootEmpty": false,
          "_timeout": 2000
        }
      ],
      "passes": [],
      "failures": [],
      "pending": [],
      "skipped": [],
      "duration": 0,
      "root": true,
      "rootEmpty": true,
      "_timeout": 2000
    }
  ],
  "meta": {
    "mocha": {
      "version": "5.2.0"
    },
    "mochawesome": {
      "options": {
        "quiet": false,
        "reportFilename": "mochawesome",
        "saveHtml": true,
        "saveJson": true,
        "useInlineDiffs": false
      },
      "version": "4.0.1"
    },
    "marge": {
      "options": {},
      "version": "4.0.1"
    }
  }
}